{"uid":"12a80aa621643554","name":"test_login_wrong_pws_manytime","fullName":"tests.test_login.TestLogin#test_login_wrong_pws_manytime","historyId":"4e96d6e7442c6f05e9317ee924afd076","time":{"start":1721016989318,"stop":1721016998658,"duration":9340},"description":"\n        System shows message when user enters wrong password many times.\n        :return:\n        ","descriptionHtml":"<pre><code>    System shows message when user enters wrong password many times.\n    :return:\n</code></pre>\n","status":"failed","statusMessage":"AssertionError: Time 1: Message doesn't display like expect.\nTime 2: Message doesn't display like expect.\nTime 3: Message doesn't display like expect.\nTime 4: Message doesn't display like expect.\nTime 5: Message doesn't display like expect.\nMessage which displays to info user that they will unable to login for 15m doesn't appears.","statusTrace":"self = <tests.test_login.TestLogin object at 0x0000020C19490510>\n\n    def test_login_wrong_pws_manytime(self):\n        '''\n        System shows message when user enters wrong password many times.\n        :return:\n        '''\n        user = User(get_info_user(\"valid_mail\"), get_info_user(\"invalid_pwd\"))\n        soft_assert = SoftAssert()\n        self.login_page.login_manytime(user, 5, soft_assert, get_message(\"login\",\"error_mail_pwd\"))\n        soft_assert.check(self.login_page.is_display_error_mes(get_message(\"login\",\"error_login_manytime\")), \"Message which displays to info user that they will unable to login for 15m doesn't appears.\")\n>       soft_assert.assert_all()\n\ntests\\test_login.py:59: \n_ _ _ _ _ _ _ _ _ _ _ _ _ _ _ _ _ _ _ _ _ _ _ _ _ _ _ _ _ _ _ _ _ _ _ _ _ _ _ _\n\nself = <helper.soft_assert.SoftAssert object at 0x0000020C19492C50>\n\n    def assert_all(self):\n        if self.errors:\n>           raise AssertionError('\\n'.join(self.errors))\nE           AssertionError: Time 1: Message doesn't display like expect.\nE           Time 2: Message doesn't display like expect.\nE           Time 3: Message doesn't display like expect.\nE           Time 4: Message doesn't display like expect.\nE           Time 5: Message doesn't display like expect.\nE           Message which displays to info user that they will unable to login for 15m doesn't appears.\n\nhelper\\soft_assert.py:11: AssertionError","flaky":false,"newFailed":false,"newBroken":false,"newPassed":false,"retriesCount":0,"retriesStatusChange":false,"beforeStages":[{"name":"setup_and_teardown","time":{"start":1721016979635,"stop":1721016986916,"duration":7281},"status":"passed","steps":[],"attachments":[],"parameters":[],"stepsCount":0,"attachmentStep":false,"shouldDisplayMessage":false,"attachmentsCount":0,"hasContent":false},{"name":"classSetup","time":{"start":1721016989318,"stop":1721016989318,"duration":0},"status":"passed","steps":[],"attachments":[],"parameters":[],"stepsCount":0,"attachmentStep":false,"shouldDisplayMessage":false,"attachmentsCount":0,"hasContent":false}],"testStage":{"description":"\n        System shows message when user enters wrong password many times.\n        :return:\n        ","status":"failed","statusMessage":"AssertionError: Time 1: Message doesn't display like expect.\nTime 2: Message doesn't display like expect.\nTime 3: Message doesn't display like expect.\nTime 4: Message doesn't display like expect.\nTime 5: Message doesn't display like expect.\nMessage which displays to info user that they will unable to login for 15m doesn't appears.","statusTrace":"self = <tests.test_login.TestLogin object at 0x0000020C19490510>\n\n    def test_login_wrong_pws_manytime(self):\n        '''\n        System shows message when user enters wrong password many times.\n        :return:\n        '''\n        user = User(get_info_user(\"valid_mail\"), get_info_user(\"invalid_pwd\"))\n        soft_assert = SoftAssert()\n        self.login_page.login_manytime(user, 5, soft_assert, get_message(\"login\",\"error_mail_pwd\"))\n        soft_assert.check(self.login_page.is_display_error_mes(get_message(\"login\",\"error_login_manytime\")), \"Message which displays to info user that they will unable to login for 15m doesn't appears.\")\n>       soft_assert.assert_all()\n\ntests\\test_login.py:59: \n_ _ _ _ _ _ _ _ _ _ _ _ _ _ _ _ _ _ _ _ _ _ _ _ _ _ _ _ _ _ _ _ _ _ _ _ _ _ _ _\n\nself = <helper.soft_assert.SoftAssert object at 0x0000020C19492C50>\n\n    def assert_all(self):\n        if self.errors:\n>           raise AssertionError('\\n'.join(self.errors))\nE           AssertionError: Time 1: Message doesn't display like expect.\nE           Time 2: Message doesn't display like expect.\nE           Time 3: Message doesn't display like expect.\nE           Time 4: Message doesn't display like expect.\nE           Time 5: Message doesn't display like expect.\nE           Message which displays to info user that they will unable to login for 15m doesn't appears.\n\nhelper\\soft_assert.py:11: AssertionError","steps":[],"attachments":[{"uid":"27121f450601db90","name":"screenshot","source":"27121f450601db90.png","type":"image/png","size":990012}],"parameters":[],"stepsCount":0,"attachmentStep":false,"shouldDisplayMessage":true,"attachmentsCount":1,"hasContent":true},"afterStages":[{"name":"setup_and_teardown::0","time":{"start":1721016998913,"stop":1721017001081,"duration":2168},"status":"passed","steps":[],"attachments":[],"parameters":[],"stepsCount":0,"attachmentStep":false,"shouldDisplayMessage":false,"attachmentsCount":0,"hasContent":false}],"labels":[{"name":"tag","value":"@pytest.mark.usefixtures('setup_and_teardown')"},{"name":"parentSuite","value":"tests"},{"name":"suite","value":"test_login"},{"name":"subSuite","value":"TestLogin"},{"name":"host","value":"DUYEN"},{"name":"thread","value":"24144-MainThread"},{"name":"framework","value":"pytest"},{"name":"language","value":"cpython3"},{"name":"package","value":"tests.test_login"},{"name":"resultFormat","value":"allure2"}],"parameters":[],"links":[],"hidden":true,"retry":true,"extra":{"categories":[],"tags":["@pytest.mark.usefixtures('setup_and_teardown')"]},"source":"12a80aa621643554.json","parameterValues":[]}