{"uid":"4862860419d42ea3","name":"test_login_invalid_pwd","fullName":"tests.test_login.TestLogin#test_login_invalid_pwd","historyId":"100ccbdb43bda6e72274a719705810b8","time":{"start":1721016986918,"stop":1721016988906,"duration":1988},"description":"\n        User cannot log into Railway with invalid password.\n        :return:\n        ","descriptionHtml":"<pre><code>    User cannot log into Railway with invalid password.\n    :return:\n</code></pre>\n","status":"failed","statusMessage":"AssertionError: Message doesn't display like expected\nassert False\n +  where False = <bound method LoginPage.is_display_error_mes of <pages.login_page.LoginPage object at 0x0000020C19486C10>>('There was a problem with your login and/or errors exist in your form.')\n +    where <bound method LoginPage.is_display_error_mes of <pages.login_page.LoginPage object at 0x0000020C19486C10>> = <pages.login_page.LoginPage object at 0x0000020C19486C10>.is_display_error_mes\n +      where <pages.login_page.LoginPage object at 0x0000020C19486C10> = <tests.test_login.TestLogin object at 0x0000020C19487D90>.login_page\n +    and   'There was a problem with your login and/or errors exist in your form.' = get_message('login', 'error_login')","statusTrace":"self = <tests.test_login.TestLogin object at 0x0000020C19487D90>\n\n    def test_login_invalid_pwd(self):\n        '''\n        User cannot log into Railway with invalid password.\n        :return:\n        '''\n        user = User(get_info_user(\"valid_mail\"), get_info_user(\"invalid_pwd\"))\n        self.login_page.select_tab(TabName.LOGIN.value)\n        self.login_page.login(user)\n>       assert self.login_page.is_display_error_mes(get_message(\"login\",\"error_login\")), \"Message doesn't display like expected\"\nE       AssertionError: Message doesn't display like expected\nE       assert False\nE        +  where False = <bound method LoginPage.is_display_error_mes of <pages.login_page.LoginPage object at 0x0000020C19486C10>>('There was a problem with your login and/or errors exist in your form.')\nE        +    where <bound method LoginPage.is_display_error_mes of <pages.login_page.LoginPage object at 0x0000020C19486C10>> = <pages.login_page.LoginPage object at 0x0000020C19486C10>.is_display_error_mes\nE        +      where <pages.login_page.LoginPage object at 0x0000020C19486C10> = <tests.test_login.TestLogin object at 0x0000020C19487D90>.login_page\nE        +    and   'There was a problem with your login and/or errors exist in your form.' = get_message('login', 'error_login')\n\ntests\\test_login.py:48: AssertionError","flaky":false,"newFailed":false,"newBroken":false,"newPassed":false,"retriesCount":0,"retriesStatusChange":false,"beforeStages":[{"name":"setup_and_teardown","time":{"start":1721016979635,"stop":1721016986916,"duration":7281},"status":"passed","steps":[],"attachments":[],"parameters":[],"stepsCount":0,"attachmentStep":false,"shouldDisplayMessage":false,"attachmentsCount":0,"hasContent":false},{"name":"classSetup","time":{"start":1721016986917,"stop":1721016986917,"duration":0},"status":"passed","steps":[],"attachments":[],"parameters":[],"stepsCount":0,"attachmentStep":false,"shouldDisplayMessage":false,"attachmentsCount":0,"hasContent":false}],"testStage":{"description":"\n        User cannot log into Railway with invalid password.\n        :return:\n        ","status":"failed","statusMessage":"AssertionError: Message doesn't display like expected\nassert False\n +  where False = <bound method LoginPage.is_display_error_mes of <pages.login_page.LoginPage object at 0x0000020C19486C10>>('There was a problem with your login and/or errors exist in your form.')\n +    where <bound method LoginPage.is_display_error_mes of <pages.login_page.LoginPage object at 0x0000020C19486C10>> = <pages.login_page.LoginPage object at 0x0000020C19486C10>.is_display_error_mes\n +      where <pages.login_page.LoginPage object at 0x0000020C19486C10> = <tests.test_login.TestLogin object at 0x0000020C19487D90>.login_page\n +    and   'There was a problem with your login and/or errors exist in your form.' = get_message('login', 'error_login')","statusTrace":"self = <tests.test_login.TestLogin object at 0x0000020C19487D90>\n\n    def test_login_invalid_pwd(self):\n        '''\n        User cannot log into Railway with invalid password.\n        :return:\n        '''\n        user = User(get_info_user(\"valid_mail\"), get_info_user(\"invalid_pwd\"))\n        self.login_page.select_tab(TabName.LOGIN.value)\n        self.login_page.login(user)\n>       assert self.login_page.is_display_error_mes(get_message(\"login\",\"error_login\")), \"Message doesn't display like expected\"\nE       AssertionError: Message doesn't display like expected\nE       assert False\nE        +  where False = <bound method LoginPage.is_display_error_mes of <pages.login_page.LoginPage object at 0x0000020C19486C10>>('There was a problem with your login and/or errors exist in your form.')\nE        +    where <bound method LoginPage.is_display_error_mes of <pages.login_page.LoginPage object at 0x0000020C19486C10>> = <pages.login_page.LoginPage object at 0x0000020C19486C10>.is_display_error_mes\nE        +      where <pages.login_page.LoginPage object at 0x0000020C19486C10> = <tests.test_login.TestLogin object at 0x0000020C19487D90>.login_page\nE        +    and   'There was a problem with your login and/or errors exist in your form.' = get_message('login', 'error_login')\n\ntests\\test_login.py:48: AssertionError","steps":[],"attachments":[{"uid":"6f6e14b029082dc7","name":"screenshot","source":"6f6e14b029082dc7.png","type":"image/png","size":990012}],"parameters":[],"stepsCount":0,"attachmentStep":false,"shouldDisplayMessage":true,"attachmentsCount":1,"hasContent":true},"afterStages":[{"name":"setup_and_teardown::0","time":{"start":1721016998913,"stop":1721017001081,"duration":2168},"status":"passed","steps":[],"attachments":[],"parameters":[],"stepsCount":0,"attachmentStep":false,"shouldDisplayMessage":false,"attachmentsCount":0,"hasContent":false}],"labels":[{"name":"tag","value":"@pytest.mark.usefixtures('setup_and_teardown')"},{"name":"parentSuite","value":"tests"},{"name":"suite","value":"test_login"},{"name":"subSuite","value":"TestLogin"},{"name":"host","value":"DUYEN"},{"name":"thread","value":"24144-MainThread"},{"name":"framework","value":"pytest"},{"name":"language","value":"cpython3"},{"name":"package","value":"tests.test_login"},{"name":"resultFormat","value":"allure2"}],"parameters":[],"links":[],"hidden":true,"retry":true,"extra":{"categories":[],"tags":["@pytest.mark.usefixtures('setup_and_teardown')"]},"source":"4862860419d42ea3.json","parameterValues":[]}