{"uid":"7aa9c23808731eff","name":"test_login_invalid_pwd","fullName":"tests.test_login.TestLogin#test_login_invalid_pwd","historyId":"100ccbdb43bda6e72274a719705810b8","time":{"start":1721016929965,"stop":1721016931637,"duration":1672},"description":"\n        User cannot log into Railway with invalid password.\n        :return:\n        ","descriptionHtml":"<pre><code>    User cannot log into Railway with invalid password.\n    :return:\n</code></pre>\n","status":"failed","statusMessage":"AssertionError: Message doesn't display like expected\nassert False\n +  where False = <bound method LoginPage.is_display_error_mes of <pages.login_page.LoginPage object at 0x00000278AD610690>>('There was a problem with your login and/or errors exist in your form.')\n +    where <bound method LoginPage.is_display_error_mes of <pages.login_page.LoginPage object at 0x00000278AD610690>> = <pages.login_page.LoginPage object at 0x00000278AD610690>.is_display_error_mes\n +      where <pages.login_page.LoginPage object at 0x00000278AD610690> = <tests.test_login.TestLogin object at 0x00000278AD6001D0>.login_page\n +    and   'There was a problem with your login and/or errors exist in your form.' = get_message('login', 'error_login')","statusTrace":"self = <tests.test_login.TestLogin object at 0x00000278AD6001D0>\n\n    def test_login_invalid_pwd(self):\n        '''\n        User cannot log into Railway with invalid password.\n        :return:\n        '''\n        user = User(get_info_user(\"valid_mail\"), get_info_user(\"invalid_pwd\"))\n        self.login_page.select_tab(TabName.LOGIN.value)\n        self.login_page.login(user)\n>       assert self.login_page.is_display_error_mes(get_message(\"login\",\"error_login\")), \"Message doesn't display like expected\"\nE       AssertionError: Message doesn't display like expected\nE       assert False\nE        +  where False = <bound method LoginPage.is_display_error_mes of <pages.login_page.LoginPage object at 0x00000278AD610690>>('There was a problem with your login and/or errors exist in your form.')\nE        +    where <bound method LoginPage.is_display_error_mes of <pages.login_page.LoginPage object at 0x00000278AD610690>> = <pages.login_page.LoginPage object at 0x00000278AD610690>.is_display_error_mes\nE        +      where <pages.login_page.LoginPage object at 0x00000278AD610690> = <tests.test_login.TestLogin object at 0x00000278AD6001D0>.login_page\nE        +    and   'There was a problem with your login and/or errors exist in your form.' = get_message('login', 'error_login')\n\ntests\\test_login.py:48: AssertionError","flaky":false,"newFailed":false,"newBroken":false,"newPassed":false,"retriesCount":0,"retriesStatusChange":false,"beforeStages":[{"name":"setup_and_teardown","time":{"start":1721016921595,"stop":1721016929965,"duration":8370},"status":"passed","steps":[],"attachments":[],"parameters":[],"stepsCount":0,"attachmentStep":false,"shouldDisplayMessage":false,"attachmentsCount":0,"hasContent":false},{"name":"classSetup","time":{"start":1721016929965,"stop":1721016929965,"duration":0},"status":"passed","steps":[],"attachments":[],"parameters":[],"stepsCount":0,"attachmentStep":false,"shouldDisplayMessage":false,"attachmentsCount":0,"hasContent":false}],"testStage":{"description":"\n        User cannot log into Railway with invalid password.\n        :return:\n        ","status":"failed","statusMessage":"AssertionError: Message doesn't display like expected\nassert False\n +  where False = <bound method LoginPage.is_display_error_mes of <pages.login_page.LoginPage object at 0x00000278AD610690>>('There was a problem with your login and/or errors exist in your form.')\n +    where <bound method LoginPage.is_display_error_mes of <pages.login_page.LoginPage object at 0x00000278AD610690>> = <pages.login_page.LoginPage object at 0x00000278AD610690>.is_display_error_mes\n +      where <pages.login_page.LoginPage object at 0x00000278AD610690> = <tests.test_login.TestLogin object at 0x00000278AD6001D0>.login_page\n +    and   'There was a problem with your login and/or errors exist in your form.' = get_message('login', 'error_login')","statusTrace":"self = <tests.test_login.TestLogin object at 0x00000278AD6001D0>\n\n    def test_login_invalid_pwd(self):\n        '''\n        User cannot log into Railway with invalid password.\n        :return:\n        '''\n        user = User(get_info_user(\"valid_mail\"), get_info_user(\"invalid_pwd\"))\n        self.login_page.select_tab(TabName.LOGIN.value)\n        self.login_page.login(user)\n>       assert self.login_page.is_display_error_mes(get_message(\"login\",\"error_login\")), \"Message doesn't display like expected\"\nE       AssertionError: Message doesn't display like expected\nE       assert False\nE        +  where False = <bound method LoginPage.is_display_error_mes of <pages.login_page.LoginPage object at 0x00000278AD610690>>('There was a problem with your login and/or errors exist in your form.')\nE        +    where <bound method LoginPage.is_display_error_mes of <pages.login_page.LoginPage object at 0x00000278AD610690>> = <pages.login_page.LoginPage object at 0x00000278AD610690>.is_display_error_mes\nE        +      where <pages.login_page.LoginPage object at 0x00000278AD610690> = <tests.test_login.TestLogin object at 0x00000278AD6001D0>.login_page\nE        +    and   'There was a problem with your login and/or errors exist in your form.' = get_message('login', 'error_login')\n\ntests\\test_login.py:48: AssertionError","steps":[],"attachments":[{"uid":"9ef4a670e005bb86","name":"screenshot","source":"9ef4a670e005bb86.png","type":"image/png","size":990012}],"parameters":[],"stepsCount":0,"attachmentStep":false,"shouldDisplayMessage":true,"attachmentsCount":1,"hasContent":true},"afterStages":[{"name":"setup_and_teardown::0","time":{"start":1721016953578,"stop":1721016955886,"duration":2308},"status":"passed","steps":[],"attachments":[],"parameters":[],"stepsCount":0,"attachmentStep":false,"shouldDisplayMessage":false,"attachmentsCount":0,"hasContent":false}],"labels":[{"name":"tag","value":"@pytest.mark.usefixtures('setup_and_teardown')"},{"name":"parentSuite","value":"tests"},{"name":"suite","value":"test_login"},{"name":"subSuite","value":"TestLogin"},{"name":"host","value":"DUYEN"},{"name":"thread","value":"18708-MainThread"},{"name":"framework","value":"pytest"},{"name":"language","value":"cpython3"},{"name":"package","value":"tests.test_login"},{"name":"resultFormat","value":"allure2"}],"parameters":[],"links":[],"hidden":true,"retry":true,"extra":{"categories":[],"tags":["@pytest.mark.usefixtures('setup_and_teardown')"]},"source":"7aa9c23808731eff.json","parameterValues":[]}